2024-08-14 14:06:11,177 - INFO - Request: GET /add-product
2024-08-14 14:06:52,305 - INFO - Request: POST /add-product
2024-08-14 14:06:52,341 - INFO - Request: GET /shopNow
2024-08-14 14:06:52,381 - INFO - Request: GET /get-image/1
2024-08-14 14:06:58,415 - INFO - Request: POST /add_to_cart/1
2024-08-14 14:06:58,425 - INFO - Request: GET /shopNow
2024-08-14 14:06:58,469 - INFO - Request: GET /get-image/1
2024-08-14 14:07:01,520 - INFO - Request: GET /cart
2024-08-14 14:07:05,529 - INFO - Request: GET /add_quantity/1
2024-08-14 14:07:05,565 - INFO - Request: GET /cart
2024-08-14 14:07:06,715 - INFO - Request: GET /minus_quantity/1
2024-08-14 14:07:06,727 - INFO - Request: GET /cart
2024-08-14 14:07:08,144 - INFO - Request: GET /add_quantity/1
2024-08-14 14:07:08,177 - INFO - Request: GET /cart
2024-08-14 14:07:08,909 - INFO - Request: GET /add_quantity/1
2024-08-14 14:07:08,920 - INFO - Request: GET /cart
2024-08-14 14:07:09,383 - INFO - Request: GET /add_quantity/1
2024-08-14 14:07:09,395 - INFO - Request: GET /cart
2024-08-14 14:07:09,723 - INFO - Request: GET /add_quantity/1
2024-08-14 14:07:09,733 - INFO - Request: GET /cart
2024-08-14 14:07:10,783 - INFO - Request: GET /payment
2024-08-14 14:07:40,245 - INFO - Request: GET /retrieve-product
2024-08-14 14:07:44,949 - INFO - Request: GET /edit-product/1
2024-08-14 14:07:49,260 - INFO - Request: POST /edit-product/1
2024-08-14 14:07:55,554 - INFO - Request: POST /edit-product/1
2024-08-14 14:07:55,587 - INFO - Request: GET /shopNow
2024-08-14 14:07:55,617 - INFO - Request: GET /get-image/1
2024-08-14 14:08:04,417 - INFO - Request: GET /cart
2024-08-14 14:08:07,009 - INFO - Request: GET /cart
2024-08-14 14:08:12,412 - INFO - Request: GET /shopNow
2024-08-14 14:08:12,459 - INFO - Request: GET /get-image/1
2024-08-14 14:08:20,267 - INFO - Request: POST /add_to_cart/1
2024-08-14 14:08:20,277 - INFO - Request: GET /shopNow
2024-08-14 14:08:20,302 - INFO - Request: GET /get-image/1
2024-08-14 14:08:27,872 - INFO - Request: GET /cart
2024-08-14 14:08:29,308 - INFO - Request: GET /payment
2024-08-14 15:32:02,474 - INFO - Request: GET /add-product
2024-08-14 15:32:31,911 - INFO - Request: POST /add-product
2024-08-14 15:32:31,943 - INFO - Request: GET /shopNow
2024-08-14 15:32:32,014 - INFO - Request: GET /get-image/1
2024-08-14 15:32:32,039 - INFO - Request: GET /get-image/2
2024-08-14 15:32:36,837 - INFO - Request: GET /add-product
2024-08-14 15:33:12,807 - INFO - Request: POST /add-product
2024-08-14 15:33:25,982 - INFO - Request: POST /add-product
2024-08-14 15:33:42,495 - INFO - Request: POST /add-product
2024-08-14 15:33:51,579 - INFO - Request: GET /add-product
2024-08-14 15:33:51,735 - INFO - Request: GET /shopNow
2024-08-14 15:33:51,796 - INFO - Request: GET /get-image/1
2024-08-14 15:33:51,799 - INFO - Request: GET /get-image/2
2024-08-14 15:33:54,097 - INFO - Request: POST /add-product
2024-08-14 15:33:54,135 - INFO - Request: GET /shopNow
2024-08-14 15:33:54,219 - INFO - Request: GET /get-image/1
2024-08-14 15:33:54,235 - INFO - Request: GET /get-image/2
2024-08-14 15:33:54,243 - INFO - Request: GET /get-image/3
2024-08-14 15:34:05,424 - INFO - Request: GET /retrieve-product
2024-08-14 15:34:08,227 - INFO - Request: GET /edit-product/2
2024-08-14 15:34:37,990 - INFO - Request: POST /edit-product/2
2024-08-14 15:34:38,016 - INFO - Request: GET /shopNow
2024-08-14 15:34:38,079 - INFO - Request: GET /get-image/1
2024-08-14 15:34:38,081 - INFO - Request: GET /get-image/2
2024-08-14 15:34:38,081 - INFO - Request: GET /get-image/3
2024-08-14 15:34:41,766 - INFO - Request: GET /retrieve-product
2024-08-14 15:34:44,445 - INFO - Request: GET /delete-product/1
2024-08-14 15:34:44,469 - INFO - Request: GET /retrieve-product
2024-08-14 15:44:25,212 - INFO - Request: GET /shopNow
2024-08-14 15:44:25,311 - INFO - Request: GET /get-image/3
2024-08-14 15:44:25,320 - INFO - Request: GET /get-image/2
2024-08-14 15:44:27,871 - INFO - Request: POST /add_to_cart/2
2024-08-14 15:44:27,917 - INFO - Request: GET /shopNow
2024-08-14 15:44:27,991 - INFO - Request: GET /get-image/3
2024-08-14 15:44:28,005 - INFO - Request: GET /get-image/2
2024-08-14 15:44:29,862 - INFO - Request: GET /cart
2024-08-14 15:45:59,775 - INFO - Request: GET /cart
2024-08-14 15:46:02,168 - INFO - Request: GET /cart
2024-08-14 15:47:28,513 - INFO - Request: GET /cart
2024-08-14 15:47:32,328 - INFO - Request: GET /shopNow
2024-08-14 15:47:32,413 - INFO - Request: GET /get-image/2
2024-08-14 15:47:32,413 - INFO - Request: GET /get-image/3
2024-08-14 15:47:33,825 - INFO - Request: POST /add_to_cart/2
2024-08-14 15:47:33,849 - INFO - Request: GET /shopNow
2024-08-14 15:47:33,919 - INFO - Request: GET /get-image/2
2024-08-14 15:47:33,919 - INFO - Request: GET /get-image/3
2024-08-14 15:47:35,204 - INFO - Request: GET /cart
2024-08-14 15:48:59,364 - INFO - Request: GET /add_quantity/2
2024-08-14 15:48:59,389 - INFO - Request: GET /cart
2024-08-14 15:49:02,230 - INFO - Request: GET /add_quantity/2
2024-08-14 15:49:02,250 - INFO - Request: GET /cart
2024-08-14 15:49:04,520 - INFO - Request: GET /minus_quantity/2
2024-08-14 15:49:04,540 - INFO - Request: GET /cart
2024-08-14 15:49:06,670 - INFO - Request: GET /payment
2024-08-14 15:50:44,990 - INFO - Request: POST /paymentComplete
